<?xml version="1.0" encoding="UTF-8"?>
<testng-results ignored="0" total="1" passed="1" failed="0" skipped="0">
  <reporter-output>
  </reporter-output>
  <suite started-at="2021-05-08T22:25:48 IST" name="com_testleaf_xmlsuite" finished-at="2021-05-08T22:26:32 IST" duration-ms="44500">
    <groups>
    </groups>
    <test started-at="2021-05-08T22:25:48 IST" name="com_testleaf_xmltest" finished-at="2021-05-08T22:26:32 IST" duration-ms="44500">
      <class name="com_TestLeaf.testcases.Testleaf_Homepage">
        <test-method is-config="true" signature="propertloadermethod()[pri:0, instance:com_TestLeaf.testcases.Testleaf_Homepage@7e0b85f9]" started-at="2021-05-08T22:25:48 IST" name="propertloadermethod" finished-at="2021-05-08T22:25:48 IST" duration-ms="38" status="PASS">
          <reporter-output>
          </reporter-output>
        </test-method> <!-- propertloadermethod -->
        <test-method is-config="true" signature="browsermanagement()[pri:0, instance:com_TestLeaf.testcases.Testleaf_Homepage@7e0b85f9]" started-at="2021-05-08T22:25:48 IST" name="browsermanagement" finished-at="2021-05-08T22:26:25 IST" duration-ms="37168" status="PASS">
          <reporter-output>
          </reporter-output>
        </test-method> <!-- browsermanagement -->
        <test-method signature="mousehover()[pri:0, instance:com_TestLeaf.testcases.Testleaf_Homepage@7e0b85f9]" started-at="2021-05-08T22:26:25 IST" name="mousehover" finished-at="2021-05-08T22:26:32 IST" duration-ms="6839" status="PASS">
          <reporter-output>
          </reporter-output>
        </test-method> <!-- mousehover -->
      </class> <!-- com_TestLeaf.testcases.Testleaf_Homepage -->
    </test> <!-- com_testleaf_xmltest -->
  </suite> <!-- com_testleaf_xmlsuite -->
</testng-results>
