<?xml version="1.0" encoding="UTF-8"?>
<testng-results ignored="0" total="1" passed="1" failed="0" skipped="0">
  <reporter-output>
  </reporter-output>
  <suite started-at="2021-05-08T14:14:38 IST" name="Default suite" finished-at="2021-05-08T14:15:05 IST" duration-ms="27528">
    <groups>
    </groups>
    <test started-at="2021-05-08T14:14:38 IST" name="Default test" finished-at="2021-05-08T14:15:05 IST" duration-ms="27528">
      <class name="com_TestLeaf.testcases.Testleaf_Homepage">
        <test-method is-config="true" signature="propertloadermethod()[pri:0, instance:com_TestLeaf.testcases.Testleaf_Homepage@635eaaf1]" started-at="2021-05-08T14:14:38 IST" name="propertloadermethod" finished-at="2021-05-08T14:14:38 IST" duration-ms="34" status="PASS">
          <reporter-output>
          </reporter-output>
        </test-method> <!-- propertloadermethod -->
        <test-method is-config="true" signature="browsermanagement()[pri:0, instance:com_TestLeaf.testcases.Testleaf_Homepage@635eaaf1]" started-at="2021-05-08T14:14:38 IST" name="browsermanagement" finished-at="2021-05-08T14:15:03 IST" duration-ms="24986" status="PASS">
          <reporter-output>
          </reporter-output>
        </test-method> <!-- browsermanagement -->
        <test-method signature="mousehover()[pri:0, instance:com_TestLeaf.testcases.Testleaf_Homepage@635eaaf1]" started-at="2021-05-08T14:15:03 IST" name="mousehover" finished-at="2021-05-08T14:15:05 IST" duration-ms="2291" status="PASS">
          <reporter-output>
          </reporter-output>
        </test-method> <!-- mousehover -->
      </class> <!-- com_TestLeaf.testcases.Testleaf_Homepage -->
    </test> <!-- Default test -->
  </suite> <!-- Default suite -->
</testng-results>
